<?xml version="1.0" encoding="UTF-8"?>
<!-- Generated by org.testng.reporters.JUnitXMLReporter -->
<testsuite ignored="4" hostname="Lenovo" failures="0" tests="1" name="Default test" time="5.017" errors="0" timestamp="2024-01-16T16:30:38 IST">
  <testcase classname="petStore.PostStore" name="postPet" time="4.884"/>
  <testcase classname="petStore.PostStore" name="getPet" time="0.0">
    <ignored/>
  </testcase> <!-- getPet -->
  <testcase classname="petStore.PostStore" name="putAndDeletePet" time="0.0">
    <ignored/>
  </testcase> <!-- putAndDeletePet -->
  <testcase classname="petStore.PostStore" name="createStore" time="0.0">
    <ignored/>
  </testcase> <!-- createStore -->
  <testcase classname="petStore.PostStore" name="reqChain" time="0.0">
    <ignored/>
  </testcase> <!-- reqChain -->
</testsuite> <!-- Default test -->
